<?xml version="1.0" encoding="UTF-8"?>
<!-- Generated by org.testng.reporters.JUnitReportReporter -->
<testsuite hostname="DESKTOP-RN5AHHA" failures="0" tests="3" name="PostEmail" time="14.538" errors="0" timestamp="2021-03-21T01:47:27 GMT" skipped="0">
  <testcase classname="PostEmail" name="sendEmail" time="0.374"/>
  <system-out/>
  <testcase classname="PostEmail" name="sendEmail" time="1.473"/>
  <system-out/>
  <testcase classname="PostEmail" name="searchEmail" time="12.691"/>
  <system-out/>
</testsuite> <!-- PostEmail -->
