<?xml version="1.0" encoding="UTF-8"?>
<!-- Generated by org.testng.reporters.JUnitReportReporter -->
<testsuite hostname="DESKTOP-RN5AHHA" failures="0" tests="2" name="test.PostEmail" time="2.861" errors="0" timestamp="2021-03-21T11:40:12 GMT" skipped="0">
  <testcase classname="test.PostEmail" name="sendEmail" time="1.458"/>
  <system-out/>
  <testcase classname="test.PostEmail" name="searchEmail" time="1.403"/>
  <system-out/>
</testsuite> <!-- test.PostEmail -->
