<?xml version="1.0" encoding="UTF-8"?>
<!-- Generated by org.testng.reporters.JUnitReportReporter -->
<testsuite hostname="DESKTOP-RN5AHHA" failures="0" tests="2" name="test.SendReceiveEmail" time="3.447" errors="0" timestamp="2021-03-21T15:54:30 GMT" skipped="0">
  <testcase classname="test.SendReceiveEmail" name="searchEmail" time="1.463"/>
  <system-out/>
  <testcase classname="test.SendReceiveEmail" name="sendEmail" time="1.984"/>
  <system-out/>
</testsuite> <!-- test.SendReceiveEmail -->
